{"/Users/jayagrawal/Desktop/rent-ease/frontend/src/App.jsx": {"path":"/Users/jayagrawal/Desktop/rent-ease/frontend/src/App.jsx","statementMap":{"0":{"start":{"line":14,"column":17},"end":{"line":63,"column":4}},"1":{"start":{"line":65,"column":2},"end":{"line":65,"column":44}}},"fnMap":{"0":{"name":"App","decl":{"start":{"line":13,"column":9},"end":{"line":13,"column":12}},"loc":{"start":{"line":13,"column":15},"end":{"line":66,"column":1}},"line":13}},"branchMap":{},"s":{"0":0,"1":0},"f":{"0":0},"b":{}}
,"/Users/jayagrawal/Desktop/rent-ease/frontend/src/main.jsx": {"path":"/Users/jayagrawal/Desktop/rent-ease/frontend/src/main.jsx","statementMap":{"0":{"start":{"line":8,"column":0},"end":{"line":16,"column":2}}},"fnMap":{},"branchMap":{},"s":{"0":0},"f":{},"b":{}}
,"/Users/jayagrawal/Desktop/rent-ease/frontend/src/components/card/Card.jsx": {"path":"/Users/jayagrawal/Desktop/rent-ease/frontend/src/components/card/Card.jsx","statementMap":{"0":{"start":{"line":5,"column":2},"end":{"line":41,"column":4}}},"fnMap":{"0":{"name":"Card","decl":{"start":{"line":4,"column":9},"end":{"line":4,"column":13}},"loc":{"start":{"line":4,"column":24},"end":{"line":42,"column":1}},"line":4}},"branchMap":{},"s":{"0":0},"f":{"0":0},"b":{}}
,"/Users/jayagrawal/Desktop/rent-ease/frontend/src/components/chat/Chat.jsx": {"path":"/Users/jayagrawal/Desktop/rent-ease/frontend/src/components/chat/Chat.jsx","statementMap":{"0":{"start":{"line":10,"column":26},"end":{"line":10,"column":40}},"1":{"start":{"line":11,"column":26},"end":{"line":11,"column":49}},"2":{"start":{"line":12,"column":21},"end":{"line":12,"column":46}},"3":{"start":{"line":14,"column":24},"end":{"line":14,"column":32}},"4":{"start":{"line":16,"column":19},"end":{"line":16,"column":66}},"5":{"start":{"line":16,"column":51},"end":{"line":16,"column":65}},"6":{"start":{"line":18,"column":2},"end":{"line":20,"column":13}},"7":{"start":{"line":19,"column":4},"end":{"line":19,"column":66}},"8":{"start":{"line":22,"column":25},"end":{"line":32,"column":3}},"9":{"start":{"line":23,"column":4},"end":{"line":31,"column":5}},"10":{"start":{"line":24,"column":18},"end":{"line":24,"column":50}},"11":{"start":{"line":25,"column":6},"end":{"line":27,"column":7}},"12":{"start":{"line":26,"column":8},"end":{"line":26,"column":19}},"13":{"start":{"line":28,"column":6},"end":{"line":28,"column":41}},"14":{"start":{"line":30,"column":6},"end":{"line":30,"column":23}},"15":{"start":{"line":34,"column":23},"end":{"line":52,"column":3}},"16":{"start":{"line":35,"column":4},"end":{"line":35,"column":23}},"17":{"start":{"line":37,"column":21},"end":{"line":37,"column":43}},"18":{"start":{"line":38,"column":17},"end":{"line":38,"column":37}},"19":{"start":{"line":40,"column":4},"end":{"line":40,"column":22}},"20":{"start":{"line":40,"column":15},"end":{"line":40,"column":22}},"21":{"start":{"line":41,"column":4},"end":{"line":51,"column":5}},"22":{"start":{"line":42,"column":18},"end":{"line":42,"column":73}},"23":{"start":{"line":43,"column":6},"end":{"line":43,"column":79}},"24":{"start":{"line":43,"column":25},"end":{"line":43,"column":76}},"25":{"start":{"line":44,"column":6},"end":{"line":44,"column":23}},"26":{"start":{"line":45,"column":6},"end":{"line":48,"column":9}},"27":{"start":{"line":50,"column":6},"end":{"line":50,"column":23}},"28":{"start":{"line":54,"column":2},"end":{"line":74,"column":21}},"29":{"start":{"line":55,"column":17},"end":{"line":61,"column":5}},"30":{"start":{"line":56,"column":6},"end":{"line":60,"column":7}},"31":{"start":{"line":57,"column":8},"end":{"line":57,"column":55}},"32":{"start":{"line":59,"column":8},"end":{"line":59,"column":25}},"33":{"start":{"line":63,"column":4},"end":{"line":70,"column":5}},"34":{"start":{"line":64,"column":6},"end":{"line":69,"column":9}},"35":{"start":{"line":65,"column":8},"end":{"line":68,"column":9}},"36":{"start":{"line":66,"column":10},"end":{"line":66,"column":79}},"37":{"start":{"line":66,"column":29},"end":{"line":66,"column":76}},"38":{"start":{"line":67,"column":10},"end":{"line":67,"column":17}},"39":{"start":{"line":71,"column":4},"end":{"line":73,"column":6}},"40":{"start":{"line":72,"column":6},"end":{"line":72,"column":31}},"41":{"start":{"line":76,"column":2},"end":{"line":136,"column":4}},"42":{"start":{"line":81,"column":10},"end":{"line":95,"column":16}},"43":{"start":{"line":90,"column":27},"end":{"line":90,"column":59}},"44":{"start":{"line":105,"column":51},"end":{"line":105,"column":64}},"45":{"start":{"line":111,"column":14},"end":{"line":125,"column":20}}},"fnMap":{"0":{"name":"Chat","decl":{"start":{"line":9,"column":9},"end":{"line":9,"column":13}},"loc":{"start":{"line":9,"column":25},"end":{"line":137,"column":1}},"line":9},"1":{"name":"(anonymous_1)","decl":{"start":{"line":16,"column":40},"end":{"line":16,"column":41}},"loc":{"start":{"line":16,"column":51},"end":{"line":16,"column":65}},"line":16},"2":{"name":"(anonymous_2)","decl":{"start":{"line":18,"column":12},"end":{"line":18,"column":13}},"loc":{"start":{"line":18,"column":18},"end":{"line":20,"column":3}},"line":18},"3":{"name":"(anonymous_3)","decl":{"start":{"line":22,"column":25},"end":{"line":22,"column":26}},"loc":{"start":{"line":22,"column":49},"end":{"line":32,"column":3}},"line":22},"4":{"name":"(anonymous_4)","decl":{"start":{"line":34,"column":23},"end":{"line":34,"column":24}},"loc":{"start":{"line":34,"column":36},"end":{"line":52,"column":3}},"line":34},"5":{"name":"(anonymous_5)","decl":{"start":{"line":43,"column":14},"end":{"line":43,"column":15}},"loc":{"start":{"line":43,"column":25},"end":{"line":43,"column":76}},"line":43},"6":{"name":"(anonymous_6)","decl":{"start":{"line":54,"column":12},"end":{"line":54,"column":13}},"loc":{"start":{"line":54,"column":18},"end":{"line":74,"column":3}},"line":54},"7":{"name":"(anonymous_7)","decl":{"start":{"line":55,"column":17},"end":{"line":55,"column":18}},"loc":{"start":{"line":55,"column":29},"end":{"line":61,"column":5}},"line":55},"8":{"name":"(anonymous_8)","decl":{"start":{"line":64,"column":30},"end":{"line":64,"column":31}},"loc":{"start":{"line":64,"column":40},"end":{"line":69,"column":7}},"line":64},"9":{"name":"(anonymous_9)","decl":{"start":{"line":66,"column":18},"end":{"line":66,"column":19}},"loc":{"start":{"line":66,"column":29},"end":{"line":66,"column":76}},"line":66},"10":{"name":"(anonymous_10)","decl":{"start":{"line":71,"column":11},"end":{"line":71,"column":12}},"loc":{"start":{"line":71,"column":17},"end":{"line":73,"column":5}},"line":71},"11":{"name":"(anonymous_11)","decl":{"start":{"line":80,"column":20},"end":{"line":80,"column":21}},"loc":{"start":{"line":81,"column":10},"end":{"line":95,"column":16}},"line":81},"12":{"name":"(anonymous_12)","decl":{"start":{"line":90,"column":21},"end":{"line":90,"column":22}},"loc":{"start":{"line":90,"column":27},"end":{"line":90,"column":59}},"line":90},"13":{"name":"(anonymous_13)","decl":{"start":{"line":105,"column":45},"end":{"line":105,"column":46}},"loc":{"start":{"line":105,"column":51},"end":{"line":105,"column":64}},"line":105},"14":{"name":"(anonymous_14)","decl":{"start":{"line":110,"column":31},"end":{"line":110,"column":32}},"loc":{"start":{"line":111,"column":14},"end":{"line":125,"column":20}},"line":111}},"branchMap":{"0":{"loc":{"start":{"line":25,"column":6},"end":{"line":27,"column":7}},"type":"if","locations":[{"start":{"line":25,"column":6},"end":{"line":27,"column":7}},{"start":{},"end":{}}],"line":25},"1":{"loc":{"start":{"line":40,"column":4},"end":{"line":40,"column":22}},"type":"if","locations":[{"start":{"line":40,"column":4},"end":{"line":40,"column":22}},{"start":{},"end":{}}],"line":40},"2":{"loc":{"start":{"line":63,"column":4},"end":{"line":70,"column":5}},"type":"if","locations":[{"start":{"line":63,"column":4},"end":{"line":70,"column":5}},{"start":{},"end":{}}],"line":63},"3":{"loc":{"start":{"line":63,"column":8},"end":{"line":63,"column":22}},"type":"binary-expr","locations":[{"start":{"line":63,"column":8},"end":{"line":63,"column":12}},{"start":{"line":63,"column":16},"end":{"line":63,"column":22}}],"line":63},"4":{"loc":{"start":{"line":65,"column":8},"end":{"line":68,"column":9}},"type":"if","locations":[{"start":{"line":65,"column":8},"end":{"line":68,"column":9}},{"start":{},"end":{}}],"line":65},"5":{"loc":{"start":{"line":86,"column":16},"end":{"line":88,"column":31}},"type":"cond-expr","locations":[{"start":{"line":87,"column":20},"end":{"line":87,"column":27}},{"start":{"line":88,"column":20},"end":{"line":88,"column":31}}],"line":86},"6":{"loc":{"start":{"line":86,"column":16},"end":{"line":86,"column":70}},"type":"binary-expr","locations":[{"start":{"line":86,"column":16},"end":{"line":86,"column":49}},{"start":{"line":86,"column":53},"end":{"line":86,"column":70}}],"line":86},"7":{"loc":{"start":{"line":92,"column":22},"end":{"line":92,"column":58}},"type":"binary-expr","locations":[{"start":{"line":92,"column":22},"end":{"line":92,"column":39}},{"start":{"line":92,"column":43},"end":{"line":92,"column":58}}],"line":92},"8":{"loc":{"start":{"line":98,"column":7},"end":{"line":134,"column":7}},"type":"binary-expr","locations":[{"start":{"line":98,"column":7},"end":{"line":98,"column":11}},{"start":{"line":99,"column":8},"end":{"line":133,"column":14}}],"line":98},"9":{"loc":{"start":{"line":102,"column":24},"end":{"line":102,"column":62}},"type":"binary-expr","locations":[{"start":{"line":102,"column":24},"end":{"line":102,"column":44}},{"start":{"line":102,"column":48},"end":{"line":102,"column":62}}],"line":102},"10":{"loc":{"start":{"line":115,"column":20},"end":{"line":117,"column":36}},"type":"cond-expr","locations":[{"start":{"line":116,"column":24},"end":{"line":116,"column":34}},{"start":{"line":117,"column":24},"end":{"line":117,"column":36}}],"line":115},"11":{"loc":{"start":{"line":119,"column":20},"end":{"line":119,"column":72}},"type":"cond-expr","locations":[{"start":{"line":119,"column":56},"end":{"line":119,"column":63}},{"start":{"line":119,"column":66},"end":{"line":119,"column":72}}],"line":119}},"s":{"0":0,"1":0,"2":0,"3":0,"4":0,"5":0,"6":0,"7":0,"8":0,"9":0,"10":0,"11":0,"12":0,"13":0,"14":0,"15":0,"16":0,"17":0,"18":0,"19":0,"20":0,"21":0,"22":0,"23":0,"24":0,"25":0,"26":0,"27":0,"28":0,"29":0,"30":0,"31":0,"32":0,"33":0,"34":0,"35":0,"36":0,"37":0,"38":0,"39":0,"40":0,"41":0,"42":0,"43":0,"44":0,"45":0},"f":{"0":0,"1":0,"2":0,"3":0,"4":0,"5":0,"6":0,"7":0,"8":0,"9":0,"10":0,"11":0,"12":0,"13":0,"14":0},"b":{"0":[0,0],"1":[0,0],"2":[0,0],"3":[0,0],"4":[0,0],"5":[0,0],"6":[0,0],"7":[0,0],"8":[0,0],"9":[0,0],"10":[0,0],"11":[0,0]}}
,"/Users/jayagrawal/Desktop/rent-ease/frontend/src/components/filter/Filter.jsx": {"path":"/Users/jayagrawal/Desktop/rent-ease/frontend/src/components/filter/Filter.jsx","statementMap":{"0":{"start":{"line":6,"column":42},"end":{"line":6,"column":59}},"1":{"start":{"line":7,"column":28},"end":{"line":14,"column":4}},"2":{"start":{"line":16,"column":23},"end":{"line":21,"column":3}},"3":{"start":{"line":17,"column":4},"end":{"line":20,"column":7}},"4":{"start":{"line":23,"column":23},"end":{"line":25,"column":3}},"5":{"start":{"line":24,"column":4},"end":{"line":24,"column":27}},"6":{"start":{"line":27,"column":2},"end":{"line":112,"column":4}}},"fnMap":{"0":{"name":"Filter","decl":{"start":{"line":5,"column":9},"end":{"line":5,"column":15}},"loc":{"start":{"line":5,"column":18},"end":{"line":113,"column":1}},"line":5},"1":{"name":"(anonymous_1)","decl":{"start":{"line":16,"column":23},"end":{"line":16,"column":24}},"loc":{"start":{"line":16,"column":30},"end":{"line":21,"column":3}},"line":16},"2":{"name":"(anonymous_2)","decl":{"start":{"line":23,"column":23},"end":{"line":23,"column":24}},"loc":{"start":{"line":23,"column":29},"end":{"line":25,"column":3}},"line":23}},"branchMap":{"0":{"loc":{"start":{"line":8,"column":10},"end":{"line":8,"column":40}},"type":"binary-expr","locations":[{"start":{"line":8,"column":10},"end":{"line":8,"column":34}},{"start":{"line":8,"column":38},"end":{"line":8,"column":40}}],"line":8},"1":{"loc":{"start":{"line":9,"column":10},"end":{"line":9,"column":40}},"type":"binary-expr","locations":[{"start":{"line":9,"column":10},"end":{"line":9,"column":34}},{"start":{"line":9,"column":38},"end":{"line":9,"column":40}}],"line":9},"2":{"loc":{"start":{"line":10,"column":14},"end":{"line":10,"column":48}},"type":"binary-expr","locations":[{"start":{"line":10,"column":14},"end":{"line":10,"column":42}},{"start":{"line":10,"column":46},"end":{"line":10,"column":48}}],"line":10},"3":{"loc":{"start":{"line":11,"column":14},"end":{"line":11,"column":48}},"type":"binary-expr","locations":[{"start":{"line":11,"column":14},"end":{"line":11,"column":42}},{"start":{"line":11,"column":46},"end":{"line":11,"column":48}}],"line":11},"4":{"loc":{"start":{"line":12,"column":14},"end":{"line":12,"column":48}},"type":"binary-expr","locations":[{"start":{"line":12,"column":14},"end":{"line":12,"column":42}},{"start":{"line":12,"column":46},"end":{"line":12,"column":48}}],"line":12},"5":{"loc":{"start":{"line":13,"column":13},"end":{"line":13,"column":46}},"type":"binary-expr","locations":[{"start":{"line":13,"column":13},"end":{"line":13,"column":40}},{"start":{"line":13,"column":44},"end":{"line":13,"column":46}}],"line":13}},"s":{"0":6,"1":6,"2":6,"3":3,"4":6,"5":0,"6":6},"f":{"0":6,"1":3,"2":0},"b":{"0":[6,5],"1":[6,5],"2":[6,6],"3":[6,5],"4":[6,5],"5":[6,5]},"_coverageSchema":"1a1c01bbd47fc00a2c39e90264f33305004495a9","hash":"12d7104feeb1ed26b2b63675d088227e5f0e386d"}
,"/Users/jayagrawal/Desktop/rent-ease/frontend/src/components/list/List.jsx": {"path":"/Users/jayagrawal/Desktop/rent-ease/frontend/src/components/list/List.jsx","statementMap":{"0":{"start":{"line":5,"column":2},"end":{"line":11,"column":3}},"1":{"start":{"line":8,"column":8},"end":{"line":8,"column":41}}},"fnMap":{"0":{"name":"List","decl":{"start":{"line":4,"column":9},"end":{"line":4,"column":13}},"loc":{"start":{"line":4,"column":22},"end":{"line":12,"column":1}},"line":4},"1":{"name":"(anonymous_1)","decl":{"start":{"line":7,"column":17},"end":{"line":7,"column":18}},"loc":{"start":{"line":8,"column":8},"end":{"line":8,"column":41}},"line":8}},"branchMap":{},"s":{"0":0,"1":0},"f":{"0":0,"1":0},"b":{}}
,"/Users/jayagrawal/Desktop/rent-ease/frontend/src/components/map/Map.jsx": {"path":"/Users/jayagrawal/Desktop/rent-ease/frontend/src/components/map/Map.jsx","statementMap":{"0":{"start":{"line":7,"column":2},"end":{"line":26,"column":4}},"1":{"start":{"line":23,"column":8},"end":{"line":23,"column":41}}},"fnMap":{"0":{"name":"Map","decl":{"start":{"line":6,"column":9},"end":{"line":6,"column":12}},"loc":{"start":{"line":6,"column":24},"end":{"line":27,"column":1}},"line":6},"1":{"name":"(anonymous_1)","decl":{"start":{"line":22,"column":17},"end":{"line":22,"column":18}},"loc":{"start":{"line":23,"column":8},"end":{"line":23,"column":41}},"line":23}},"branchMap":{"0":{"loc":{"start":{"line":10,"column":8},"end":{"line":12,"column":31}},"type":"cond-expr","locations":[{"start":{"line":11,"column":12},"end":{"line":11,"column":51}},{"start":{"line":12,"column":12},"end":{"line":12,"column":31}}],"line":10}},"s":{"0":0,"1":0},"f":{"0":0,"1":0},"b":{"0":[0,0]}}
,"/Users/jayagrawal/Desktop/rent-ease/frontend/src/components/navbar/Navbar.jsx": {"path":"/Users/jayagrawal/Desktop/rent-ease/frontend/src/components/navbar/Navbar.jsx","statementMap":{"0":{"start":{"line":8,"column":26},"end":{"line":8,"column":41}},"1":{"start":{"line":10,"column":26},"end":{"line":10,"column":49}},"2":{"start":{"line":12,"column":16},"end":{"line":12,"column":60}},"3":{"start":{"line":12,"column":48},"end":{"line":12,"column":59}},"4":{"start":{"line":13,"column":17},"end":{"line":13,"column":62}},"5":{"start":{"line":13,"column":49},"end":{"line":13,"column":61}},"6":{"start":{"line":15,"column":2},"end":{"line":15,"column":26}},"7":{"start":{"line":15,"column":18},"end":{"line":15,"column":26}},"8":{"start":{"line":17,"column":2},"end":{"line":64,"column":4}},"9":{"start":{"line":51,"column":27},"end":{"line":51,"column":51}},"10":{"start":{"line":51,"column":45},"end":{"line":51,"column":50}}},"fnMap":{"0":{"name":"Navbar","decl":{"start":{"line":7,"column":9},"end":{"line":7,"column":15}},"loc":{"start":{"line":7,"column":18},"end":{"line":65,"column":1}},"line":7},"1":{"name":"(anonymous_1)","decl":{"start":{"line":12,"column":37},"end":{"line":12,"column":38}},"loc":{"start":{"line":12,"column":48},"end":{"line":12,"column":59}},"line":12},"2":{"name":"(anonymous_2)","decl":{"start":{"line":13,"column":38},"end":{"line":13,"column":39}},"loc":{"start":{"line":13,"column":49},"end":{"line":13,"column":61}},"line":13},"3":{"name":"(anonymous_3)","decl":{"start":{"line":51,"column":21},"end":{"line":51,"column":22}},"loc":{"start":{"line":51,"column":27},"end":{"line":51,"column":51}},"line":51},"4":{"name":"(anonymous_4)","decl":{"start":{"line":51,"column":35},"end":{"line":51,"column":36}},"loc":{"start":{"line":51,"column":45},"end":{"line":51,"column":50}},"line":51}},"branchMap":{"0":{"loc":{"start":{"line":15,"column":2},"end":{"line":15,"column":26}},"type":"if","locations":[{"start":{"line":15,"column":2},"end":{"line":15,"column":26}},{"start":{},"end":{}}],"line":15},"1":{"loc":{"start":{"line":30,"column":9},"end":{"line":46,"column":9}},"type":"cond-expr","locations":[{"start":{"line":31,"column":10},"end":{"line":38,"column":16}},{"start":{"line":40,"column":10},"end":{"line":45,"column":13}}],"line":30},"2":{"loc":{"start":{"line":32,"column":22},"end":{"line":32,"column":59}},"type":"binary-expr","locations":[{"start":{"line":32,"column":22},"end":{"line":32,"column":40}},{"start":{"line":32,"column":44},"end":{"line":32,"column":59}}],"line":32},"3":{"loc":{"start":{"line":35,"column":15},"end":{"line":35,"column":73}},"type":"binary-expr","locations":[{"start":{"line":35,"column":15},"end":{"line":35,"column":25}},{"start":{"line":35,"column":29},"end":{"line":35,"column":73}}],"line":35},"4":{"loc":{"start":{"line":54,"column":24},"end":{"line":54,"column":53}},"type":"cond-expr","locations":[{"start":{"line":54,"column":31},"end":{"line":54,"column":44}},{"start":{"line":54,"column":47},"end":{"line":54,"column":53}}],"line":54}},"s":{"0":0,"1":0,"2":0,"3":0,"4":0,"5":0,"6":0,"7":0,"8":0,"9":0,"10":0},"f":{"0":0,"1":0,"2":0,"3":0,"4":0},"b":{"0":[0,0],"1":[0,0],"2":[0,0],"3":[0,0],"4":[0,0]}}
,"/Users/jayagrawal/Desktop/rent-ease/frontend/src/components/pin/Pin.jsx": {"path":"/Users/jayagrawal/Desktop/rent-ease/frontend/src/components/pin/Pin.jsx","statementMap":{"0":{"start":{"line":6,"column":2},"end":{"line":19,"column":4}}},"fnMap":{"0":{"name":"Pin","decl":{"start":{"line":5,"column":9},"end":{"line":5,"column":12}},"loc":{"start":{"line":5,"column":23},"end":{"line":20,"column":1}},"line":5}},"branchMap":{},"s":{"0":0},"f":{"0":0},"b":{}}
,"/Users/jayagrawal/Desktop/rent-ease/frontend/src/components/searchBar/SearchBar.jsx": {"path":"/Users/jayagrawal/Desktop/rent-ease/frontend/src/components/searchBar/SearchBar.jsx","statementMap":{"0":{"start":{"line":5,"column":14},"end":{"line":5,"column":29}},"1":{"start":{"line":8,"column":28},"end":{"line":13,"column":4}},"2":{"start":{"line":15,"column":21},"end":{"line":17,"column":3}},"3":{"start":{"line":16,"column":4},"end":{"line":16,"column":49}},"4":{"start":{"line":16,"column":24},"end":{"line":16,"column":46}},"5":{"start":{"line":19,"column":23},"end":{"line":21,"column":3}},"6":{"start":{"line":20,"column":4},"end":{"line":20,"column":71}},"7":{"start":{"line":20,"column":24},"end":{"line":20,"column":68}},"8":{"start":{"line":23,"column":2},"end":{"line":68,"column":4}},"9":{"start":{"line":27,"column":10},"end":{"line":33,"column":19}},"10":{"start":{"line":29,"column":27},"end":{"line":29,"column":43}}},"fnMap":{"0":{"name":"SearchBar","decl":{"start":{"line":7,"column":9},"end":{"line":7,"column":18}},"loc":{"start":{"line":7,"column":21},"end":{"line":69,"column":1}},"line":7},"1":{"name":"(anonymous_1)","decl":{"start":{"line":15,"column":21},"end":{"line":15,"column":22}},"loc":{"start":{"line":15,"column":30},"end":{"line":17,"column":3}},"line":15},"2":{"name":"(anonymous_2)","decl":{"start":{"line":16,"column":13},"end":{"line":16,"column":14}},"loc":{"start":{"line":16,"column":24},"end":{"line":16,"column":46}},"line":16},"3":{"name":"(anonymous_3)","decl":{"start":{"line":19,"column":23},"end":{"line":19,"column":24}},"loc":{"start":{"line":19,"column":30},"end":{"line":21,"column":3}},"line":19},"4":{"name":"(anonymous_4)","decl":{"start":{"line":20,"column":13},"end":{"line":20,"column":14}},"loc":{"start":{"line":20,"column":24},"end":{"line":20,"column":68}},"line":20},"5":{"name":"(anonymous_5)","decl":{"start":{"line":26,"column":19},"end":{"line":26,"column":20}},"loc":{"start":{"line":27,"column":10},"end":{"line":33,"column":19}},"line":27},"6":{"name":"(anonymous_6)","decl":{"start":{"line":29,"column":21},"end":{"line":29,"column":22}},"loc":{"start":{"line":29,"column":27},"end":{"line":29,"column":43}},"line":29}},"branchMap":{"0":{"loc":{"start":{"line":30,"column":23},"end":{"line":30,"column":58}},"type":"cond-expr","locations":[{"start":{"line":30,"column":45},"end":{"line":30,"column":53}},{"start":{"line":30,"column":56},"end":{"line":30,"column":58}}],"line":30}},"s":{"0":0,"1":0,"2":0,"3":0,"4":0,"5":0,"6":0,"7":0,"8":0,"9":0,"10":0},"f":{"0":0,"1":0,"2":0,"3":0,"4":0,"5":0,"6":0},"b":{"0":[0,0]}}
,"/Users/jayagrawal/Desktop/rent-ease/frontend/src/components/slider/Slider.jsx": {"path":"/Users/jayagrawal/Desktop/rent-ease/frontend/src/components/slider/Slider.jsx","statementMap":{"0":{"start":{"line":5,"column":38},"end":{"line":5,"column":52}},"1":{"start":{"line":7,"column":22},"end":{"line":21,"column":3}},"2":{"start":{"line":8,"column":4},"end":{"line":20,"column":5}},"3":{"start":{"line":9,"column":6},"end":{"line":13,"column":7}},"4":{"start":{"line":10,"column":8},"end":{"line":10,"column":41}},"5":{"start":{"line":12,"column":8},"end":{"line":12,"column":38}},"6":{"start":{"line":15,"column":6},"end":{"line":19,"column":7}},"7":{"start":{"line":16,"column":8},"end":{"line":16,"column":25}},"8":{"start":{"line":18,"column":8},"end":{"line":18,"column":38}},"9":{"start":{"line":23,"column":2},"end":{"line":55,"column":4}},"10":{"start":{"line":27,"column":48},"end":{"line":27,"column":67}},"11":{"start":{"line":33,"column":48},"end":{"line":33,"column":68}},"12":{"start":{"line":36,"column":48},"end":{"line":36,"column":67}},"13":{"start":{"line":42,"column":51},"end":{"line":42,"column":67}},"14":{"start":{"line":46,"column":10},"end":{"line":51,"column":12}},"15":{"start":{"line":50,"column":27},"end":{"line":50,"column":51}}},"fnMap":{"0":{"name":"Slider","decl":{"start":{"line":4,"column":9},"end":{"line":4,"column":15}},"loc":{"start":{"line":4,"column":28},"end":{"line":56,"column":1}},"line":4},"1":{"name":"(anonymous_1)","decl":{"start":{"line":7,"column":22},"end":{"line":7,"column":23}},"loc":{"start":{"line":7,"column":37},"end":{"line":21,"column":3}},"line":7},"2":{"name":"(anonymous_2)","decl":{"start":{"line":27,"column":42},"end":{"line":27,"column":43}},"loc":{"start":{"line":27,"column":48},"end":{"line":27,"column":67}},"line":27},"3":{"name":"(anonymous_3)","decl":{"start":{"line":33,"column":42},"end":{"line":33,"column":43}},"loc":{"start":{"line":33,"column":48},"end":{"line":33,"column":68}},"line":33},"4":{"name":"(anonymous_4)","decl":{"start":{"line":36,"column":42},"end":{"line":36,"column":43}},"loc":{"start":{"line":36,"column":48},"end":{"line":36,"column":67}},"line":36},"5":{"name":"(anonymous_5)","decl":{"start":{"line":42,"column":45},"end":{"line":42,"column":46}},"loc":{"start":{"line":42,"column":51},"end":{"line":42,"column":67}},"line":42},"6":{"name":"(anonymous_6)","decl":{"start":{"line":45,"column":29},"end":{"line":45,"column":30}},"loc":{"start":{"line":46,"column":10},"end":{"line":51,"column":12}},"line":46},"7":{"name":"(anonymous_7)","decl":{"start":{"line":50,"column":21},"end":{"line":50,"column":22}},"loc":{"start":{"line":50,"column":27},"end":{"line":50,"column":51}},"line":50}},"branchMap":{"0":{"loc":{"start":{"line":8,"column":4},"end":{"line":20,"column":5}},"type":"if","locations":[{"start":{"line":8,"column":4},"end":{"line":20,"column":5}},{"start":{"line":14,"column":11},"end":{"line":20,"column":5}}],"line":8},"1":{"loc":{"start":{"line":9,"column":6},"end":{"line":13,"column":7}},"type":"if","locations":[{"start":{"line":9,"column":6},"end":{"line":13,"column":7}},{"start":{"line":11,"column":13},"end":{"line":13,"column":7}}],"line":9},"2":{"loc":{"start":{"line":15,"column":6},"end":{"line":19,"column":7}},"type":"if","locations":[{"start":{"line":15,"column":6},"end":{"line":19,"column":7}},{"start":{"line":17,"column":13},"end":{"line":19,"column":7}}],"line":15},"3":{"loc":{"start":{"line":25,"column":7},"end":{"line":40,"column":7}},"type":"binary-expr","locations":[{"start":{"line":25,"column":7},"end":{"line":25,"column":26}},{"start":{"line":26,"column":8},"end":{"line":39,"column":14}}],"line":25}},"s":{"0":0,"1":0,"2":0,"3":0,"4":0,"5":0,"6":0,"7":0,"8":0,"9":0,"10":0,"11":0,"12":0,"13":0,"14":0,"15":0},"f":{"0":0,"1":0,"2":0,"3":0,"4":0,"5":0,"6":0,"7":0},"b":{"0":[0,0],"1":[0,0],"2":[0,0],"3":[0,0]}}
,"/Users/jayagrawal/Desktop/rent-ease/frontend/src/components/uploadWidget/UploadWidget.jsx": {"path":"/Users/jayagrawal/Desktop/rent-ease/frontend/src/components/uploadWidget/UploadWidget.jsx","statementMap":{"0":{"start":{"line":4,"column":24},"end":{"line":4,"column":32}},"1":{"start":{"line":5,"column":20},"end":{"line":5,"column":28}},"2":{"start":{"line":7,"column":2},"end":{"line":18,"column":9}},"3":{"start":{"line":8,"column":4},"end":{"line":8,"column":46}},"4":{"start":{"line":9,"column":4},"end":{"line":17,"column":6}},"5":{"start":{"line":12,"column":8},"end":{"line":15,"column":9}},"6":{"start":{"line":13,"column":10},"end":{"line":13,"column":69}},"7":{"start":{"line":14,"column":10},"end":{"line":14,"column":64}},"8":{"start":{"line":14,"column":29},"end":{"line":14,"column":62}},"9":{"start":{"line":20,"column":2},"end":{"line":28,"column":4}},"10":{"start":{"line":24,"column":21},"end":{"line":24,"column":45}}},"fnMap":{"0":{"name":"UploadWidget","decl":{"start":{"line":3,"column":9},"end":{"line":3,"column":21}},"loc":{"start":{"line":3,"column":46},"end":{"line":29,"column":1}},"line":3},"1":{"name":"(anonymous_1)","decl":{"start":{"line":7,"column":12},"end":{"line":7,"column":13}},"loc":{"start":{"line":7,"column":18},"end":{"line":18,"column":3}},"line":7},"2":{"name":"(anonymous_2)","decl":{"start":{"line":11,"column":6},"end":{"line":11,"column":7}},"loc":{"start":{"line":11,"column":31},"end":{"line":16,"column":7}},"line":11},"3":{"name":"(anonymous_3)","decl":{"start":{"line":14,"column":19},"end":{"line":14,"column":20}},"loc":{"start":{"line":14,"column":29},"end":{"line":14,"column":62}},"line":14},"4":{"name":"(anonymous_4)","decl":{"start":{"line":24,"column":15},"end":{"line":24,"column":16}},"loc":{"start":{"line":24,"column":21},"end":{"line":24,"column":45}},"line":24}},"branchMap":{"0":{"loc":{"start":{"line":12,"column":8},"end":{"line":15,"column":9}},"type":"if","locations":[{"start":{"line":12,"column":8},"end":{"line":15,"column":9}},{"start":{},"end":{}}],"line":12},"1":{"loc":{"start":{"line":12,"column":12},"end":{"line":12,"column":58}},"type":"binary-expr","locations":[{"start":{"line":12,"column":12},"end":{"line":12,"column":18}},{"start":{"line":12,"column":22},"end":{"line":12,"column":28}},{"start":{"line":12,"column":32},"end":{"line":12,"column":58}}],"line":12}},"s":{"0":0,"1":0,"2":0,"3":0,"4":0,"5":0,"6":0,"7":0,"8":0,"9":0,"10":0},"f":{"0":0,"1":0,"2":0,"3":0,"4":0},"b":{"0":[0,0],"1":[0,0,0]}}
,"/Users/jayagrawal/Desktop/rent-ease/frontend/src/context/AuthContext.jsx": {"path":"/Users/jayagrawal/Desktop/rent-ease/frontend/src/context/AuthContext.jsx","statementMap":{"0":{"start":{"line":3,"column":27},"end":{"line":3,"column":42}},"1":{"start":{"line":5,"column":35},"end":{"line":23,"column":1}},"2":{"start":{"line":6,"column":40},"end":{"line":8,"column":3}},"3":{"start":{"line":10,"column":21},"end":{"line":12,"column":3}},"4":{"start":{"line":11,"column":4},"end":{"line":11,"column":25}},"5":{"start":{"line":14,"column":2},"end":{"line":16,"column":20}},"6":{"start":{"line":15,"column":4},"end":{"line":15,"column":62}},"7":{"start":{"line":18,"column":2},"end":{"line":22,"column":4}}},"fnMap":{"0":{"name":"(anonymous_0)","decl":{"start":{"line":5,"column":35},"end":{"line":5,"column":36}},"loc":{"start":{"line":5,"column":53},"end":{"line":23,"column":1}},"line":5},"1":{"name":"(anonymous_1)","decl":{"start":{"line":10,"column":21},"end":{"line":10,"column":22}},"loc":{"start":{"line":10,"column":31},"end":{"line":12,"column":3}},"line":10},"2":{"name":"(anonymous_2)","decl":{"start":{"line":14,"column":12},"end":{"line":14,"column":13}},"loc":{"start":{"line":14,"column":18},"end":{"line":16,"column":3}},"line":14}},"branchMap":{"0":{"loc":{"start":{"line":7,"column":4},"end":{"line":7,"column":52}},"type":"binary-expr","locations":[{"start":{"line":7,"column":4},"end":{"line":7,"column":44}},{"start":{"line":7,"column":48},"end":{"line":7,"column":52}}],"line":7}},"s":{"0":1,"1":1,"2":0,"3":0,"4":0,"5":0,"6":0,"7":0},"f":{"0":0,"1":0,"2":0},"b":{"0":[0,0]},"_coverageSchema":"1a1c01bbd47fc00a2c39e90264f33305004495a9","hash":"37d5858e5681457ec70b9bf52bfb13db0402b626"}
,"/Users/jayagrawal/Desktop/rent-ease/frontend/src/context/SocketContext.jsx": {"path":"/Users/jayagrawal/Desktop/rent-ease/frontend/src/context/SocketContext.jsx","statementMap":{"0":{"start":{"line":5,"column":29},"end":{"line":5,"column":44}},"1":{"start":{"line":7,"column":37},"end":{"line":20,"column":1}},"2":{"start":{"line":8,"column":26},"end":{"line":8,"column":49}},"3":{"start":{"line":9,"column":30},"end":{"line":9,"column":44}},"4":{"start":{"line":11,"column":2},"end":{"line":13,"column":9}},"5":{"start":{"line":12,"column":4},"end":{"line":12,"column":20}},"6":{"start":{"line":15,"column":2},"end":{"line":17,"column":28}},"7":{"start":{"line":16,"column":4},"end":{"line":16,"column":59}},"8":{"start":{"line":19,"column":2},"end":{"line":19,"column":88}}},"fnMap":{"0":{"name":"(anonymous_0)","decl":{"start":{"line":7,"column":37},"end":{"line":7,"column":38}},"loc":{"start":{"line":7,"column":55},"end":{"line":20,"column":1}},"line":7},"1":{"name":"(anonymous_1)","decl":{"start":{"line":11,"column":12},"end":{"line":11,"column":13}},"loc":{"start":{"line":11,"column":18},"end":{"line":13,"column":3}},"line":11},"2":{"name":"(anonymous_2)","decl":{"start":{"line":15,"column":12},"end":{"line":15,"column":13}},"loc":{"start":{"line":15,"column":18},"end":{"line":17,"column":3}},"line":15}},"branchMap":{"0":{"loc":{"start":{"line":16,"column":4},"end":{"line":16,"column":58}},"type":"binary-expr","locations":[{"start":{"line":16,"column":4},"end":{"line":16,"column":15}},{"start":{"line":16,"column":19},"end":{"line":16,"column":58}}],"line":16}},"s":{"0":0,"1":0,"2":0,"3":0,"4":0,"5":0,"6":0,"7":0,"8":0},"f":{"0":0,"1":0,"2":0},"b":{"0":[0,0]}}
,"/Users/jayagrawal/Desktop/rent-ease/frontend/src/lib/apiRequest.js": {"path":"/Users/jayagrawal/Desktop/rent-ease/frontend/src/lib/apiRequest.js","statementMap":{"0":{"start":{"line":3,"column":19},"end":{"line":6,"column":2}}},"fnMap":{},"branchMap":{},"s":{"0":1},"f":{},"b":{},"_coverageSchema":"1a1c01bbd47fc00a2c39e90264f33305004495a9","hash":"76a37791d8d3b286bf97d3074c3ab61d053cbc64"}
,"/Users/jayagrawal/Desktop/rent-ease/frontend/src/lib/dummydata.js": {"path":"/Users/jayagrawal/Desktop/rent-ease/frontend/src/lib/dummydata.js","statementMap":{"0":{"start":{"line":1,"column":24},"end":{"line":90,"column":1}},"1":{"start":{"line":92,"column":30},"end":{"line":114,"column":1}},"2":{"start":{"line":116,"column":24},"end":{"line":120,"column":1}}},"fnMap":{},"branchMap":{},"s":{"0":0,"1":0,"2":0},"f":{},"b":{}}
,"/Users/jayagrawal/Desktop/rent-ease/frontend/src/lib/loaders.js": {"path":"/Users/jayagrawal/Desktop/rent-ease/frontend/src/lib/loaders.js","statementMap":{"0":{"start":{"line":4,"column":32},"end":{"line":7,"column":1}},"1":{"start":{"line":5,"column":14},"end":{"line":5,"column":53}},"2":{"start":{"line":6,"column":2},"end":{"line":6,"column":18}},"3":{"start":{"line":8,"column":30},"end":{"line":14,"column":1}},"4":{"start":{"line":9,"column":16},"end":{"line":9,"column":41}},"5":{"start":{"line":10,"column":22},"end":{"line":10,"column":51}},"6":{"start":{"line":11,"column":2},"end":{"line":13,"column":5}},"7":{"start":{"line":16,"column":33},"end":{"line":23,"column":1}},"8":{"start":{"line":17,"column":22},"end":{"line":17,"column":55}},"9":{"start":{"line":18,"column":22},"end":{"line":18,"column":42}},"10":{"start":{"line":19,"column":2},"end":{"line":22,"column":5}}},"fnMap":{"0":{"name":"(anonymous_0)","decl":{"start":{"line":4,"column":32},"end":{"line":4,"column":33}},"loc":{"start":{"line":4,"column":63},"end":{"line":7,"column":1}},"line":4},"1":{"name":"(anonymous_1)","decl":{"start":{"line":8,"column":30},"end":{"line":8,"column":31}},"loc":{"start":{"line":8,"column":61},"end":{"line":14,"column":1}},"line":8},"2":{"name":"(anonymous_2)","decl":{"start":{"line":16,"column":33},"end":{"line":16,"column":34}},"loc":{"start":{"line":16,"column":45},"end":{"line":23,"column":1}},"line":16}},"branchMap":{},"s":{"0":0,"1":0,"2":0,"3":0,"4":0,"5":0,"6":0,"7":0,"8":0,"9":0,"10":0},"f":{"0":0,"1":0,"2":0},"b":{}}
,"/Users/jayagrawal/Desktop/rent-ease/frontend/src/lib/notificationStore.js": {"path":"/Users/jayagrawal/Desktop/rent-ease/frontend/src/lib/notificationStore.js","statementMap":{"0":{"start":{"line":4,"column":36},"end":{"line":16,"column":3}},"1":{"start":{"line":4,"column":53},"end":{"line":16,"column":1}},"2":{"start":{"line":7,"column":16},"end":{"line":7,"column":55}},"3":{"start":{"line":8,"column":4},"end":{"line":8,"column":30}},"4":{"start":{"line":11,"column":4},"end":{"line":11,"column":49}},"5":{"start":{"line":11,"column":19},"end":{"line":11,"column":46}},"6":{"start":{"line":14,"column":4},"end":{"line":14,"column":23}}},"fnMap":{"0":{"name":"(anonymous_0)","decl":{"start":{"line":4,"column":43},"end":{"line":4,"column":44}},"loc":{"start":{"line":4,"column":53},"end":{"line":16,"column":1}},"line":4},"1":{"name":"(anonymous_1)","decl":{"start":{"line":6,"column":9},"end":{"line":6,"column":10}},"loc":{"start":{"line":6,"column":21},"end":{"line":9,"column":3}},"line":6},"2":{"name":"(anonymous_2)","decl":{"start":{"line":10,"column":12},"end":{"line":10,"column":13}},"loc":{"start":{"line":10,"column":18},"end":{"line":12,"column":3}},"line":10},"3":{"name":"(anonymous_3)","decl":{"start":{"line":11,"column":8},"end":{"line":11,"column":9}},"loc":{"start":{"line":11,"column":19},"end":{"line":11,"column":46}},"line":11},"4":{"name":"(anonymous_4)","decl":{"start":{"line":13,"column":9},"end":{"line":13,"column":10}},"loc":{"start":{"line":13,"column":15},"end":{"line":15,"column":3}},"line":13}},"branchMap":{},"s":{"0":0,"1":0,"2":0,"3":0,"4":0,"5":0,"6":0},"f":{"0":0,"1":0,"2":0,"3":0,"4":0},"b":{}}
,"/Users/jayagrawal/Desktop/rent-ease/frontend/src/routes/homePage/homePage.jsx": {"path":"/Users/jayagrawal/Desktop/rent-ease/frontend/src/routes/homePage/homePage.jsx","statementMap":{"0":{"start":{"line":8,"column":24},"end":{"line":8,"column":47}},"1":{"start":{"line":10,"column":2},"end":{"line":42,"column":4}}},"fnMap":{"0":{"name":"HomePage","decl":{"start":{"line":6,"column":9},"end":{"line":6,"column":17}},"loc":{"start":{"line":6,"column":20},"end":{"line":43,"column":1}},"line":6}},"branchMap":{},"s":{"0":0,"1":0},"f":{"0":0},"b":{}}
,"/Users/jayagrawal/Desktop/rent-ease/frontend/src/routes/layout/layout.jsx": {"path":"/Users/jayagrawal/Desktop/rent-ease/frontend/src/routes/layout/layout.jsx","statementMap":{"0":{"start":{"line":8,"column":2},"end":{"line":17,"column":4}},"1":{"start":{"line":21,"column":26},"end":{"line":21,"column":49}},"2":{"start":{"line":23,"column":2},"end":{"line":35,"column":3}},"3":{"start":{"line":23,"column":20},"end":{"line":23,"column":52}},"4":{"start":{"line":25,"column":4},"end":{"line":34,"column":6}}},"fnMap":{"0":{"name":"Layout","decl":{"start":{"line":7,"column":9},"end":{"line":7,"column":15}},"loc":{"start":{"line":7,"column":18},"end":{"line":18,"column":1}},"line":7},"1":{"name":"RequireAuth","decl":{"start":{"line":20,"column":9},"end":{"line":20,"column":20}},"loc":{"start":{"line":20,"column":23},"end":{"line":36,"column":1}},"line":20}},"branchMap":{"0":{"loc":{"start":{"line":23,"column":2},"end":{"line":35,"column":3}},"type":"if","locations":[{"start":{"line":23,"column":2},"end":{"line":35,"column":3}},{"start":{"line":24,"column":7},"end":{"line":35,"column":3}}],"line":23}},"s":{"0":0,"1":0,"2":0,"3":0,"4":0},"f":{"0":0,"1":0},"b":{"0":[0,0]}}
,"/Users/jayagrawal/Desktop/rent-ease/frontend/src/routes/listPage/listPage.jsx": {"path":"/Users/jayagrawal/Desktop/rent-ease/frontend/src/routes/listPage/listPage.jsx","statementMap":{"0":{"start":{"line":9,"column":15},"end":{"line":9,"column":30}},"1":{"start":{"line":11,"column":2},"end":{"line":41,"column":4}},"2":{"start":{"line":22,"column":16},"end":{"line":24,"column":18}},"3":{"start":{"line":23,"column":18},"end":{"line":23,"column":52}},"4":{"start":{"line":36,"column":31},"end":{"line":36,"column":64}}},"fnMap":{"0":{"name":"ListPage","decl":{"start":{"line":8,"column":9},"end":{"line":8,"column":17}},"loc":{"start":{"line":8,"column":20},"end":{"line":42,"column":1}},"line":8},"1":{"name":"(anonymous_1)","decl":{"start":{"line":21,"column":15},"end":{"line":21,"column":16}},"loc":{"start":{"line":22,"column":16},"end":{"line":24,"column":18}},"line":22},"2":{"name":"(anonymous_2)","decl":{"start":{"line":22,"column":38},"end":{"line":22,"column":39}},"loc":{"start":{"line":23,"column":18},"end":{"line":23,"column":52}},"line":23},"3":{"name":"(anonymous_3)","decl":{"start":{"line":36,"column":13},"end":{"line":36,"column":14}},"loc":{"start":{"line":36,"column":31},"end":{"line":36,"column":64}},"line":36}},"branchMap":{},"s":{"0":0,"1":0,"2":0,"3":0,"4":0},"f":{"0":0,"1":0,"2":0,"3":0},"b":{}}
,"/Users/jayagrawal/Desktop/rent-ease/frontend/src/routes/login/login.jsx": {"path":"/Users/jayagrawal/Desktop/rent-ease/frontend/src/routes/login/login.jsx","statementMap":{"0":{"start":{"line":8,"column":28},"end":{"line":8,"column":40}},"1":{"start":{"line":9,"column":36},"end":{"line":9,"column":51}},"2":{"start":{"line":11,"column":23},"end":{"line":11,"column":46}},"3":{"start":{"line":13,"column":19},"end":{"line":13,"column":32}},"4":{"start":{"line":15,"column":23},"end":{"line":38,"column":3}},"5":{"start":{"line":16,"column":4},"end":{"line":16,"column":23}},"6":{"start":{"line":17,"column":4},"end":{"line":17,"column":23}},"7":{"start":{"line":18,"column":4},"end":{"line":18,"column":17}},"8":{"start":{"line":19,"column":21},"end":{"line":19,"column":43}},"9":{"start":{"line":21,"column":21},"end":{"line":21,"column":45}},"10":{"start":{"line":22,"column":21},"end":{"line":22,"column":45}},"11":{"start":{"line":24,"column":4},"end":{"line":37,"column":5}},"12":{"start":{"line":25,"column":18},"end":{"line":28,"column":8}},"13":{"start":{"line":30,"column":6},"end":{"line":30,"column":26}},"14":{"start":{"line":32,"column":6},"end":{"line":32,"column":20}},"15":{"start":{"line":34,"column":6},"end":{"line":34,"column":42}},"16":{"start":{"line":36,"column":6},"end":{"line":36,"column":26}},"17":{"start":{"line":39,"column":2},"end":{"line":67,"column":4}}},"fnMap":{"0":{"name":"Login","decl":{"start":{"line":7,"column":9},"end":{"line":7,"column":14}},"loc":{"start":{"line":7,"column":17},"end":{"line":68,"column":1}},"line":7},"1":{"name":"(anonymous_1)","decl":{"start":{"line":15,"column":23},"end":{"line":15,"column":24}},"loc":{"start":{"line":15,"column":36},"end":{"line":38,"column":3}},"line":15}},"branchMap":{"0":{"loc":{"start":{"line":59,"column":11},"end":{"line":59,"column":40}},"type":"binary-expr","locations":[{"start":{"line":59,"column":11},"end":{"line":59,"column":16}},{"start":{"line":59,"column":20},"end":{"line":59,"column":40}}],"line":59}},"s":{"0":8,"1":8,"2":8,"3":8,"4":8,"5":2,"6":2,"7":2,"8":2,"9":2,"10":2,"11":2,"12":2,"13":1,"14":1,"15":1,"16":2,"17":8},"f":{"0":8,"1":2},"b":{"0":[8,1]},"_coverageSchema":"1a1c01bbd47fc00a2c39e90264f33305004495a9","hash":"ebdf6c048366eccb4b66b9eab712b268db3e6f47"}
,"/Users/jayagrawal/Desktop/rent-ease/frontend/src/routes/newPostPage/newPostPage.jsx": {"path":"/Users/jayagrawal/Desktop/rent-ease/frontend/src/routes/newPostPage/newPostPage.jsx","statementMap":{"0":{"start":{"line":10,"column":28},"end":{"line":10,"column":40}},"1":{"start":{"line":11,"column":30},"end":{"line":11,"column":42}},"2":{"start":{"line":12,"column":28},"end":{"line":12,"column":40}},"3":{"start":{"line":14,"column":19},"end":{"line":14,"column":32}},"4":{"start":{"line":16,"column":23},"end":{"line":52,"column":3}},"5":{"start":{"line":17,"column":4},"end":{"line":17,"column":23}},"6":{"start":{"line":18,"column":21},"end":{"line":18,"column":43}},"7":{"start":{"line":19,"column":19},"end":{"line":19,"column":47}},"8":{"start":{"line":21,"column":4},"end":{"line":51,"column":5}},"9":{"start":{"line":22,"column":18},"end":{"line":46,"column":8}},"10":{"start":{"line":47,"column":6},"end":{"line":47,"column":31}},"11":{"start":{"line":49,"column":6},"end":{"line":49,"column":23}},"12":{"start":{"line":50,"column":6},"end":{"line":50,"column":22}},"13":{"start":{"line":54,"column":2},"end":{"line":170,"column":4}},"14":{"start":{"line":157,"column":10},"end":{"line":157,"column":48}}},"fnMap":{"0":{"name":"NewPostPage","decl":{"start":{"line":9,"column":9},"end":{"line":9,"column":20}},"loc":{"start":{"line":9,"column":23},"end":{"line":171,"column":1}},"line":9},"1":{"name":"(anonymous_1)","decl":{"start":{"line":16,"column":23},"end":{"line":16,"column":24}},"loc":{"start":{"line":16,"column":36},"end":{"line":52,"column":3}},"line":16},"2":{"name":"(anonymous_2)","decl":{"start":{"line":156,"column":20},"end":{"line":156,"column":21}},"loc":{"start":{"line":157,"column":10},"end":{"line":157,"column":48}},"line":157}},"branchMap":{"0":{"loc":{"start":{"line":151,"column":13},"end":{"line":151,"column":40}},"type":"binary-expr","locations":[{"start":{"line":151,"column":13},"end":{"line":151,"column":18}},{"start":{"line":151,"column":22},"end":{"line":151,"column":40}}],"line":151}},"s":{"0":0,"1":0,"2":0,"3":0,"4":0,"5":0,"6":0,"7":0,"8":0,"9":0,"10":0,"11":0,"12":0,"13":0,"14":0},"f":{"0":0,"1":0,"2":0},"b":{"0":[0,0]}}
,"/Users/jayagrawal/Desktop/rent-ease/frontend/src/routes/profilePage/profilePage.jsx": {"path":"/Users/jayagrawal/Desktop/rent-ease/frontend/src/routes/profilePage/profilePage.jsx","statementMap":{"0":{"start":{"line":10,"column":15},"end":{"line":10,"column":30}},"1":{"start":{"line":12,"column":38},"end":{"line":12,"column":61}},"2":{"start":{"line":14,"column":19},"end":{"line":14,"column":32}},"3":{"start":{"line":16,"column":23},"end":{"line":24,"column":3}},"4":{"start":{"line":17,"column":4},"end":{"line":23,"column":5}},"5":{"start":{"line":18,"column":6},"end":{"line":18,"column":44}},"6":{"start":{"line":19,"column":6},"end":{"line":19,"column":23}},"7":{"start":{"line":20,"column":6},"end":{"line":20,"column":20}},"8":{"start":{"line":22,"column":6},"end":{"line":22,"column":23}},"9":{"start":{"line":25,"column":2},"end":{"line":88,"column":4}},"10":{"start":{"line":59,"column":33},"end":{"line":59,"column":77}},"11":{"start":{"line":70,"column":33},"end":{"line":70,"column":78}},"12":{"start":{"line":82,"column":33},"end":{"line":82,"column":66}}},"fnMap":{"0":{"name":"ProfilePage","decl":{"start":{"line":9,"column":9},"end":{"line":9,"column":20}},"loc":{"start":{"line":9,"column":23},"end":{"line":89,"column":1}},"line":9},"1":{"name":"(anonymous_1)","decl":{"start":{"line":16,"column":23},"end":{"line":16,"column":24}},"loc":{"start":{"line":16,"column":35},"end":{"line":24,"column":3}},"line":16},"2":{"name":"(anonymous_2)","decl":{"start":{"line":59,"column":15},"end":{"line":59,"column":16}},"loc":{"start":{"line":59,"column":33},"end":{"line":59,"column":77}},"line":59},"3":{"name":"(anonymous_3)","decl":{"start":{"line":70,"column":15},"end":{"line":70,"column":16}},"loc":{"start":{"line":70,"column":33},"end":{"line":70,"column":78}},"line":70},"4":{"name":"(anonymous_4)","decl":{"start":{"line":82,"column":15},"end":{"line":82,"column":16}},"loc":{"start":{"line":82,"column":33},"end":{"line":82,"column":66}},"line":82}},"branchMap":{"0":{"loc":{"start":{"line":38,"column":24},"end":{"line":38,"column":60}},"type":"binary-expr","locations":[{"start":{"line":38,"column":24},"end":{"line":38,"column":42}},{"start":{"line":38,"column":46},"end":{"line":38,"column":60}}],"line":38}},"s":{"0":0,"1":0,"2":0,"3":0,"4":0,"5":0,"6":0,"7":0,"8":0,"9":0,"10":0,"11":0,"12":0},"f":{"0":0,"1":0,"2":0,"3":0,"4":0},"b":{"0":[0,0]}}
,"/Users/jayagrawal/Desktop/rent-ease/frontend/src/routes/profileUpdatePage/profileUpdatePage.jsx": {"path":"/Users/jayagrawal/Desktop/rent-ease/frontend/src/routes/profileUpdatePage/profileUpdatePage.jsx","statementMap":{"0":{"start":{"line":9,"column":38},"end":{"line":9,"column":61}},"1":{"start":{"line":10,"column":28},"end":{"line":10,"column":40}},"2":{"start":{"line":11,"column":30},"end":{"line":11,"column":42}},"3":{"start":{"line":13,"column":19},"end":{"line":13,"column":32}},"4":{"start":{"line":15,"column":23},"end":{"line":34,"column":3}},"5":{"start":{"line":16,"column":4},"end":{"line":16,"column":23}},"6":{"start":{"line":17,"column":21},"end":{"line":17,"column":43}},"7":{"start":{"line":19,"column":42},"end":{"line":19,"column":70}},"8":{"start":{"line":21,"column":4},"end":{"line":33,"column":5}},"9":{"start":{"line":22,"column":18},"end":{"line":27,"column":8}},"10":{"start":{"line":28,"column":6},"end":{"line":28,"column":27}},"11":{"start":{"line":29,"column":6},"end":{"line":29,"column":27}},"12":{"start":{"line":31,"column":6},"end":{"line":31,"column":23}},"13":{"start":{"line":32,"column":6},"end":{"line":32,"column":42}},"14":{"start":{"line":36,"column":2},"end":{"line":71,"column":4}}},"fnMap":{"0":{"name":"ProfileUpdatePage","decl":{"start":{"line":8,"column":9},"end":{"line":8,"column":26}},"loc":{"start":{"line":8,"column":29},"end":{"line":72,"column":1}},"line":8},"1":{"name":"(anonymous_1)","decl":{"start":{"line":15,"column":23},"end":{"line":15,"column":24}},"loc":{"start":{"line":15,"column":36},"end":{"line":34,"column":3}},"line":15}},"branchMap":{"0":{"loc":{"start":{"line":54,"column":11},"end":{"line":54,"column":38}},"type":"binary-expr","locations":[{"start":{"line":54,"column":11},"end":{"line":54,"column":16}},{"start":{"line":54,"column":20},"end":{"line":54,"column":38}}],"line":54},"1":{"loc":{"start":{"line":58,"column":18},"end":{"line":58,"column":68}},"type":"binary-expr","locations":[{"start":{"line":58,"column":18},"end":{"line":58,"column":27}},{"start":{"line":58,"column":31},"end":{"line":58,"column":49}},{"start":{"line":58,"column":53},"end":{"line":58,"column":68}}],"line":58}},"s":{"0":0,"1":0,"2":0,"3":0,"4":0,"5":0,"6":0,"7":0,"8":0,"9":0,"10":0,"11":0,"12":0,"13":0,"14":0},"f":{"0":0,"1":0},"b":{"0":[0,0],"1":[0,0,0]}}
,"/Users/jayagrawal/Desktop/rent-ease/frontend/src/routes/register/register.jsx": {"path":"/Users/jayagrawal/Desktop/rent-ease/frontend/src/routes/register/register.jsx","statementMap":{"0":{"start":{"line":8,"column":28},"end":{"line":8,"column":40}},"1":{"start":{"line":9,"column":36},"end":{"line":9,"column":51}},"2":{"start":{"line":11,"column":19},"end":{"line":11,"column":32}},"3":{"start":{"line":13,"column":23},"end":{"line":36,"column":3}},"4":{"start":{"line":14,"column":4},"end":{"line":14,"column":23}},"5":{"start":{"line":15,"column":4},"end":{"line":15,"column":16}},"6":{"start":{"line":16,"column":4},"end":{"line":16,"column":23}},"7":{"start":{"line":17,"column":21},"end":{"line":17,"column":43}},"8":{"start":{"line":19,"column":21},"end":{"line":19,"column":45}},"9":{"start":{"line":20,"column":18},"end":{"line":20,"column":39}},"10":{"start":{"line":21,"column":21},"end":{"line":21,"column":45}},"11":{"start":{"line":23,"column":4},"end":{"line":35,"column":5}},"12":{"start":{"line":24,"column":18},"end":{"line":28,"column":8}},"13":{"start":{"line":30,"column":6},"end":{"line":30,"column":25}},"14":{"start":{"line":32,"column":6},"end":{"line":32,"column":42}},"15":{"start":{"line":34,"column":6},"end":{"line":34,"column":26}},"16":{"start":{"line":37,"column":2},"end":{"line":54,"column":4}}},"fnMap":{"0":{"name":"Register","decl":{"start":{"line":7,"column":9},"end":{"line":7,"column":17}},"loc":{"start":{"line":7,"column":20},"end":{"line":55,"column":1}},"line":7},"1":{"name":"(anonymous_1)","decl":{"start":{"line":13,"column":23},"end":{"line":13,"column":24}},"loc":{"start":{"line":13,"column":36},"end":{"line":36,"column":3}},"line":13}},"branchMap":{"0":{"loc":{"start":{"line":46,"column":11},"end":{"line":46,"column":40}},"type":"binary-expr","locations":[{"start":{"line":46,"column":11},"end":{"line":46,"column":16}},{"start":{"line":46,"column":20},"end":{"line":46,"column":40}}],"line":46}},"s":{"0":0,"1":0,"2":0,"3":0,"4":0,"5":0,"6":0,"7":0,"8":0,"9":0,"10":0,"11":0,"12":0,"13":0,"14":0,"15":0,"16":0},"f":{"0":0,"1":0},"b":{"0":[0,0]}}
,"/Users/jayagrawal/Desktop/rent-ease/frontend/src/routes/singlePage/singlePage.jsx": {"path":"/Users/jayagrawal/Desktop/rent-ease/frontend/src/routes/singlePage/singlePage.jsx","statementMap":{"0":{"start":{"line":11,"column":15},"end":{"line":11,"column":30}},"1":{"start":{"line":12,"column":28},"end":{"line":12,"column":50}},"2":{"start":{"line":13,"column":26},"end":{"line":13,"column":49}},"3":{"start":{"line":14,"column":19},"end":{"line":14,"column":32}},"4":{"start":{"line":16,"column":21},"end":{"line":27,"column":3}},"5":{"start":{"line":17,"column":4},"end":{"line":19,"column":5}},"6":{"start":{"line":18,"column":6},"end":{"line":18,"column":25}},"7":{"start":{"line":20,"column":4},"end":{"line":20,"column":30}},"8":{"start":{"line":20,"column":23},"end":{"line":20,"column":28}},"9":{"start":{"line":21,"column":4},"end":{"line":26,"column":5}},"10":{"start":{"line":22,"column":6},"end":{"line":22,"column":64}},"11":{"start":{"line":24,"column":6},"end":{"line":24,"column":23}},"12":{"start":{"line":25,"column":6},"end":{"line":25,"column":32}},"13":{"start":{"line":25,"column":25},"end":{"line":25,"column":30}},"14":{"start":{"line":29,"column":2},"end":{"line":158,"column":4}}},"fnMap":{"0":{"name":"SinglePage","decl":{"start":{"line":10,"column":9},"end":{"line":10,"column":19}},"loc":{"start":{"line":10,"column":22},"end":{"line":159,"column":1}},"line":10},"1":{"name":"(anonymous_1)","decl":{"start":{"line":16,"column":21},"end":{"line":16,"column":22}},"loc":{"start":{"line":16,"column":33},"end":{"line":27,"column":3}},"line":16},"2":{"name":"(anonymous_2)","decl":{"start":{"line":20,"column":13},"end":{"line":20,"column":14}},"loc":{"start":{"line":20,"column":23},"end":{"line":20,"column":28}},"line":20},"3":{"name":"(anonymous_3)","decl":{"start":{"line":25,"column":15},"end":{"line":25,"column":16}},"loc":{"start":{"line":25,"column":25},"end":{"line":25,"column":30}},"line":25}},"branchMap":{"0":{"loc":{"start":{"line":17,"column":4},"end":{"line":19,"column":5}},"type":"if","locations":[{"start":{"line":17,"column":4},"end":{"line":19,"column":5}},{"start":{},"end":{}}],"line":17},"1":{"loc":{"start":{"line":66,"column":17},"end":{"line":70,"column":17}},"type":"cond-expr","locations":[{"start":{"line":67,"column":18},"end":{"line":67,"column":45}},{"start":{"line":69,"column":18},"end":{"line":69,"column":46}}],"line":66},"2":{"loc":{"start":{"line":77,"column":17},"end":{"line":81,"column":17}},"type":"cond-expr","locations":[{"start":{"line":78,"column":18},"end":{"line":78,"column":37}},{"start":{"line":80,"column":18},"end":{"line":80,"column":41}}],"line":77},"3":{"loc":{"start":{"line":114,"column":19},"end":{"line":116,"column":50}},"type":"cond-expr","locations":[{"start":{"line":115,"column":22},"end":{"line":115,"column":58}},{"start":{"line":116,"column":22},"end":{"line":116,"column":50}}],"line":114},"4":{"loc":{"start":{"line":148,"column":33},"end":{"line":148,"column":60}},"type":"cond-expr","locations":[{"start":{"line":148,"column":41},"end":{"line":148,"column":50}},{"start":{"line":148,"column":53},"end":{"line":148,"column":60}}],"line":148},"5":{"loc":{"start":{"line":152,"column":15},"end":{"line":152,"column":55}},"type":"cond-expr","locations":[{"start":{"line":152,"column":23},"end":{"line":152,"column":36}},{"start":{"line":152,"column":39},"end":{"line":152,"column":55}}],"line":152}},"s":{"0":0,"1":0,"2":0,"3":0,"4":0,"5":0,"6":0,"7":0,"8":0,"9":0,"10":0,"11":0,"12":0,"13":0,"14":0},"f":{"0":0,"1":0,"2":0,"3":0},"b":{"0":[0,0],"1":[0,0],"2":[0,0],"3":[0,0],"4":[0,0],"5":[0,0]}}
}
